     1                                  [org 0x7c00]
     2                                  KERNEL_OFFSET equ 0x1000 ; The same one we used when linking the kernel
     3                                  
     4 00000000 8816[6101]              mov [BOOT_DRIVE], dl ; Remember that the BIOS sets us the boot drive in 'dl' on boot
     5                                  
     6 00000004 BD0090                  mov bp, 0x9000 ; stack setup
     7 00000007 89EC                    mov sp, bp
     8                                  
     9 00000009 BB[6201]                mov bx, MSG_REAL_MODE 
    10 0000000C E80B00                  call print
    11 0000000F E81A00                  call print_nl
    12                                  
    13 00000012 E82301                  call load_kernel ; read the kernel from disk
    14 00000015 E8F100                  call switch_to_pm ; disable interrupts, load GDT,  etc. Finally jumps to 'BEGIN_PM'
    15 00000018 EBFE                    jmp $ ; Never executed
    16                                  
    17                                  %include "boot/print.asm"
     1                              <1> print:
     2 0000001A 60                  <1>     pusha
     3                              <1> 
     4                              <1> ; keep this in mind:
     5                              <1> ; while (string[i] != 0) { print string[i]; i++ }
     6                              <1> 
     7                              <1> ; the comparison for string end (null byte)
     8                              <1> start:
     9 0000001B 8A07                <1>     mov al, [bx] ; 'bx' is the base address for the string
    10 0000001D 3C00                <1>     cmp al, 0 
    11 0000001F 7409                <1>     je done
    12                              <1> 
    13                              <1>     ; the part where we print with the BIOS help
    14 00000021 B40E                <1>     mov ah, 0x0e
    15 00000023 CD10                <1>     int 0x10 ; 'al' already contains the char
    16                              <1> 
    17                              <1>     ; increment pointer and do next loop
    18 00000025 83C301              <1>     add bx, 1
    19 00000028 EBF1                <1>     jmp start
    20                              <1> 
    21                              <1> done:
    22 0000002A 61                  <1>     popa
    23 0000002B C3                  <1>     ret ; important, return back
    24                              <1> 
    25                              <1> 
    26                              <1> print_nl:
    27 0000002C 60                  <1>     pusha
    28                              <1>     
    29 0000002D B40E                <1>     mov ah, 0x0e
    30 0000002F B00A                <1>     mov al, 0x0a ; newline char
    31 00000031 CD10                <1>     int 0x10
    32 00000033 B00D                <1>     mov al, 0x0d ; carriage return
    33 00000035 CD10                <1>     int 0x10
    34                              <1>     
    35 00000037 61                  <1>     popa
    36 00000038 C3                  <1>     ret
    18                                  %include "boot/print_hex.asm"
     1                              <1> print_hex:
     2 00000039 60                  <1>     pusha
     3                              <1> 
     4 0000003A B90000              <1>     mov cx, 0
     5                              <1> 
     6                              <1> hex_loop:
     7 0000003D 83F904              <1>     cmp cx, 4
     8 00000040 741F                <1>     je end
     9                              <1> 
    10 00000042 89D0                <1>     mov ax, dx
    11 00000044 83E00F              <1>     and ax, 0x000f
    12 00000047 0430                <1>     add al, 0x30
    13 00000049 3C39                <1>     cmp al, 0x39
    14 0000004B 7E02                <1>     jle step2
    15 0000004D 0407                <1>     add al, 7
    16                              <1> 
    17                              <1> step2:
    18 0000004F BB[6900]            <1>     mov bx, HEX_OUT
    19 00000052 83C305              <1>     add bx, 5
    20 00000055 29CB                <1>     sub bx, cx
    21 00000057 8807                <1>     mov [bx], al
    22                              <1> 
    23 00000059 C1CA04              <1>     ror dx, 4
    24                              <1> 
    25 0000005C 83C101              <1>     add cx, 1
    26 0000005F EBDC                <1>     jmp hex_loop
    27                              <1> 
    28                              <1> end:
    29 00000061 BB[6900]            <1>     mov bx, HEX_OUT
    30 00000064 E8B3FF              <1>     call print
    31                              <1> 
    32 00000067 61                  <1>     popa
    33 00000068 C3                  <1>     ret
    34                              <1> 
    35                              <1> 
    36                              <1> HEX_OUT:
    37 00000069 30783030303000      <1>     db '0x0000',0
    19                                  %include "boot/disk.asm"
     1                              <1> disk_load:
     2 00000070 60                  <1>     pusha
     3 00000071 52                  <1>     push dx
     4                              <1> 
     5 00000072 B402                <1>     mov ah, 0x02 ; ah <- int 0x13 function, 0x02 = 'read'
     6 00000074 88F0                <1>     mov al, dh   ; number of sectors to read
     7 00000076 B102                <1>     mov cl, 0x02 ; sector num
     8 00000078 B500                <1>     mov ch, 0x00 ; cylinder num
     9 0000007A B600                <1>     mov dh, 0x00 ; head num
    10                              <1> 
    11 0000007C CD13                <1>     int 0x13
    12 0000007E 7207                <1>     jc disk_error
    13 00000080 5A                  <1>     pop dx
    14 00000081 38F0                <1>     cmp al, dh
    15 00000083 7512                <1>     jne sectors_error
    16 00000085 61                  <1>     popa
    17 00000086 C3                  <1>     ret
    18                              <1> 
    19                              <1> disk_error:
    20 00000087 BB[9F00]            <1>     mov bx, DISK_ERROR
    21 0000008A E88DFF              <1>     call print
    22 0000008D E89CFF              <1>     call print_nl
    23 00000090 88E6                <1>     mov dh, ah
    24 00000092 E8A4FF              <1>     call print_hex
    25 00000095 EB06                <1>     jmp disk_loop
    26                              <1> 
    27                              <1> sectors_error:
    28 00000097 BB[AF00]            <1>     mov bx, SECTORS_ERROR
    29 0000009A E87DFF              <1>     call print
    30                              <1> 
    31                              <1> disk_loop:
    32 0000009D EBFE                <1>     jmp $
    33                              <1> 
    34 0000009F 4469736B2072656164- <1> DISK_ERROR: db "Disk read error", 0
    34 000000A8 206572726F7200      <1>
    35 000000AF 496E636F7272656374- <1> SECTORS_ERROR: db "Incorrect number of sectors read", 0
    35 000000B8 206E756D626572206F- <1>
    35 000000C1 6620736563746F7273- <1>
    35 000000CA 207265616400        <1>
    20                                  %include "boot/gdt.asm"
     1                              <1> gdt_start: ; don't remove the labels, they're needed to compute sizes and jumps
     2                              <1>     ; the GDT starts with a null 8-byte
     3 000000D0 00000000            <1>     dd 0x0 ; 4 byte double word
     4 000000D4 00000000            <1>     dd 0x0 ; 4 byte
     5                              <1> 
     6                              <1> ; GDT for code segment. base = 0x00000000, length = 0xfffff
     7                              <1> ; for flags, refer to os-dev.pdf document, page 36
     8                              <1> gdt_code: 
     9 000000D8 FFFF                <1>     dw 0xffff    ; segment length, bits 0-15
    10 000000DA 0000                <1>     dw 0x0       ; segment base, bits 0-15
    11 000000DC 00                  <1>     db 0x0       ; segment base, bits 16-23
    12 000000DD 9A                  <1>     db 10011010b ; flags (8 bits)
    13 000000DE CF                  <1>     db 11001111b ; flags (4 bits) + segment length, bits 16-19
    14 000000DF 00                  <1>     db 0x0       ; segment base, bits 24-31
    15                              <1> 
    16                              <1> ; GDT for data segment. base and length identical to code segment
    17                              <1> ; some flags changed, again, refer to os-dev.pdf
    18                              <1> gdt_data:
    19 000000E0 FFFF                <1>     dw 0xffff
    20 000000E2 0000                <1>     dw 0x0
    21 000000E4 00                  <1>     db 0x0
    22 000000E5 92                  <1>     db 10010010b
    23 000000E6 CF                  <1>     db 11001111b
    24 000000E7 00                  <1>     db 0x0
    25                              <1> 
    26                              <1> gdt_end:
    27                              <1> 
    28                              <1> ; GDT descriptor
    29                              <1> gdt_descriptor:
    30 000000E8 1700                <1>     dw gdt_end - gdt_start - 1 ; size (16 bit), always one less of its true size
    31 000000EA [D0000000]          <1>     dd gdt_start ; address (32 bit)
    32                              <1> 
    33                              <1> ; define some constants for later use
    34                              <1> CODE_SEG equ gdt_code - gdt_start
    35                              <1> DATA_SEG equ gdt_data - gdt_start
    21                                  %include "boot/32bit-print.asm"
     1                              <1> [bits 32] ; using 32-bit protected mode
     2                              <1> 
     3                              <1> ; this is how constants are defined
     4                              <1> VIDEO_MEMORY equ 0xb8000
     5                              <1> WHITE_ON_BLACK equ 0x0f ; the color byte for each character
     6                              <1> 
     7                              <1> print_string_pm:
     8 000000EE 60                  <1>     pusha
     9 000000EF BA00800B00          <1>     mov edx, VIDEO_MEMORY
    10                              <1> 
    11                              <1> print_string_pm_loop:
    12 000000F4 8A03                <1>     mov al, [ebx] ; [ebx] is the address of our character
    13 000000F6 B40F                <1>     mov ah, WHITE_ON_BLACK
    14                              <1> 
    15 000000F8 3C00                <1>     cmp al, 0 ; check if end of string
    16 000000FA 740B                <1>     je print_string_pm_done
    17                              <1> 
    18 000000FC 668902              <1>     mov [edx], ax ; store character + attribute in video memory
    19 000000FF 83C301              <1>     add ebx, 1 ; next char
    20 00000102 83C202              <1>     add edx, 2 ; next video memory position
    21                              <1> 
    22 00000105 EBED                <1>     jmp print_string_pm_loop
    23                              <1> 
    24                              <1> print_string_pm_done:
    25 00000107 61                  <1>     popa
    26 00000108 C3                  <1>     ret
    27                              <1>     
    22                                  %include "boot/switch_to_pm.asm"
     1                              <1> [bits 16]
     2                              <1> switch_to_pm:
     3 00000109 FA                  <1>     cli ; 1. disable interrupts
     4 0000010A 0F0116[E800]        <1>     lgdt [gdt_descriptor] ; 2. load the GDT descriptor
     5 0000010F 0F20C0              <1>     mov eax, cr0
     6 00000112 6683C801            <1>     or eax, 0x1 ; 3. set 32-bit mode bit in cr0
     7 00000116 0F22C0              <1>     mov cr0, eax
     8 00000119 EA[1E01]0800        <1>     jmp CODE_SEG:init_pm ; 4. far jump by using a different segment
     9                              <1> 
    10                              <1> [bits 32]
    11                              <1> init_pm: ; we are now using 32-bit instructions
    12 0000011E 66B81000            <1>     mov ax, DATA_SEG ; 5. update the segment registers
    13 00000122 8ED8                <1>     mov ds, ax
    14 00000124 8ED0                <1>     mov ss, ax
    15 00000126 8EC0                <1>     mov es, ax
    16 00000128 8EE0                <1>     mov fs, ax
    17 0000012A 8EE8                <1>     mov gs, ax
    18                              <1> 
    19 0000012C BD00000900          <1>     mov ebp, 0x90000 ; 6. update the stack right at the top of the free space
    20 00000131 89EC                <1>     mov esp, ebp
    21                              <1> 
    22 00000133 E816000000          <1>     call BEGIN_PM ; 7. Call a well-known label with useful code
    23                                  
    24                                  [bits 16]
    25                                  load_kernel:
    26 00000138 BB[9E01]                    mov bx, MSG_LOAD_KERNEL
    27 0000013B E8DCFE                      call print
    28 0000013E E8EBFE                      call print_nl
    29                                  
    30 00000141 BB0010                      mov bx, KERNEL_OFFSET ; Read from disk and store in 0x1000
    31 00000144 B630                        mov dh, 48 ; IMPORTANT! need to increase the number of sectors to read as your kernel growth in size.
    32 00000146 8A16[6101]                  mov dl, [BOOT_DRIVE]
    33 0000014A E823FF                      call disk_load
    34 0000014D C3                          ret
    35                                  
    36                                  [bits 32]
    37                                  BEGIN_PM:
    38 0000014E BB[7E010000]                mov ebx, MSG_PROT_MODE
    39 00000153 E896FFFFFF                  call print_string_pm
    40 00000158 B800100000                  mov eax, KERNEL_OFFSET
    41 0000015D FFD0                        call eax ; Give control to the kernel
    42 0000015F EBFE                        jmp $ ; Stay here when the kernel returns control to us (if ever)
    43                                  
    44                                  
    45 00000161 00                      BOOT_DRIVE db 0 ; It is a good idea to store it in memory because 'dl' may get overwritten
    46 00000162 537461727465642069-     MSG_REAL_MODE db "Started in 16-bit Real Mode", 0
    46 0000016B 6E2031362D62697420-
    46 00000174 5265616C204D6F6465-
    46 0000017D 00                 
    47 0000017E 4C616E64656420696E-     MSG_PROT_MODE db "Landed in 32-bit Protected Mode", 0
    47 00000187 2033322D6269742050-
    47 00000190 726F74656374656420-
    47 00000199 4D6F646500         
    48 0000019E 4C6F6164696E67206B-     MSG_LOAD_KERNEL db "Loading kernel into memory...", 0
    48 000001A7 65726E656C20696E74-
    48 000001B0 6F206D656D6F72792E-
    48 000001B9 2E2E00             
    49                                  
    50                                  ; padding
    51 000001BC 00<rep 42h>             times 510 - ($-$$) db 0
    52 000001FE 55AA                    dw 0xaa55
